<?xml version="1.0" encoding="UTF-8"?>
<!-- Generated by org.testng.reporters.JUnitReportReporter -->
<testsuite hostname="MacBook-Air-Roxana.local" failures="0" tests="2" name="curs18.BeforeAfterAnnotations" time="0.022" errors="0" timestamp="2024-05-10T09:27:03 EEST" skipped="0">
  <testcase classname="curs18.BeforeAfterAnnotations" name="test1" time="0.014"/>
  <system-out/>
  <testcase classname="curs18.BeforeAfterAnnotations" name="test2" time="0.008"/>
  <system-out/>
</testsuite> <!-- curs18.BeforeAfterAnnotations -->
