<?xml version="1.0" encoding="UTF-8"?>
<!-- Generated by org.testng.reporters.JUnitReportReporter -->
<testsuite hostname="Air-Roxana" failures="0" tests="1" name="curs16.OpenBrowser" time="75.438" errors="0" timestamp="2024-05-08T15:47:44 EEST" skipped="0">
  <testcase classname="curs16.OpenBrowser" name="openBrowser" time="75.438"/>
  <system-out/>
</testsuite> <!-- curs16.OpenBrowser -->
