<?xml version="1.0" encoding="UTF-8"?>
<!-- Generated by org.testng.reporters.JUnitReportReporter -->
<testsuite hostname="MacBook-Air-Roxana.local" failures="0" tests="3" name="curs18.TestDependency" time="0.022" errors="0" timestamp="2024-05-10T09:31:55 EEST" skipped="0">
  <testcase classname="curs18.TestDependency" name="test3" time="0.004"/>
  <system-out/>
  <testcase classname="curs18.TestDependency" name="test1" time="0.017"/>
  <system-out/>
  <testcase classname="curs18.TestDependency" name="test2" time="0.001"/>
  <system-out/>
</testsuite> <!-- curs18.TestDependency -->
